#
# A fatal error has been detected by the Java Runtime Environment:
#
#  EXCEPTION_ACCESS_VIOLATION (0xc0000005) at pc=0x00007ff8db156122, pid=20372, tid=0x00000000000006a8
#
# JRE version: Java(TM) SE Runtime Environment (8.0_261-b12) (build 1.8.0_261-b12)
# Java VM: Java HotSpot(TM) 64-Bit Server VM (25.261-b12 mixed mode windows-amd64 compressed oops)
# Problematic frame:
# C  [COMCTL32.dll+0x16122]
#
# Failed to write core dump. Minidumps are not enabled by default on client versions of Windows
#
# If you would like to submit a bug report, please visit:
#   http://bugreport.java.com/bugreport/crash.jsp
# The crash happened outside the Java Virtual Machine in native code.
# See problematic frame for where to report the bug.
#

---------------  T H R E A D  ---------------

Current thread (0x0000019afc8d0800):  JavaThread "main" [_thread_in_native, id=1704, stack(0x0000007893900000,0x0000007893a00000)]

siginfo: ExceptionCode=0xc0000005, reading address 0x0000000000000018

Registers:
RAX=0x0000000000f0f0f0, RBX=0x0000019aa380fb20, RCX=0x0000000000000000, RDX=0x00000078939ec360
RSP=0x00000078939ec3c0, RBP=0x00000078939ec4c0, RSI=0x0000000000000005, RDI=0x0000019aa2c8b6f0
R8 =0x0000000000002a5a, R9 =0x00000000000000ea, R10=0x0000000000000000, R11=0x0000000000000e1e
R12=0x000000000000004f, R13=0x0000000000000000, R14=0xffffffffea010e1e, R15=0x0000000000000002
RIP=0x00007ff8db156122, EFLAGS=0x0000000000010246

Top of Stack: (sp=0x00000078939ec3c0)
0x00000078939ec3c0:   0000019aa380fb20 0000000000000005
0x00000078939ec3d0:   000000000049414e 0000019aa2c8b6f0
0x00000078939ec3e0:   00000078939ec5a0 0000000000000000
0x00000078939ec3f0:   0000000000000000 0000007800000000
0x00000078939ec400:   00000078939ec5c0 0000003000000000
0x00000078939ec410:   00000000fc8d0900 00000030db1ca001
0x00000078939ec420:   0000000300000000 0000000000000016
0x00000078939ec430:   0000000500000003 0000000000000001
0x00000078939ec440:   0000000000000001 0000000080006011
0x00000078939ec450:   00ffffff00000000 0000000200000000
0x00000078939ec460:   0000000000000000 0000000010003559
0x00000078939ec470:   0000000000000000 0000000000000000
0x00000078939ec480:   00000f1400000002 00000078939ec610
0x00000078939ec490:   fffffffe00000104 00000000fffffffe
0x00000078939ec4a0:   0000000000000007 0000000000000000
0x00000078939ec4b0:   0000000000000000 000000000000fffe 

Instructions: (pc=0x00007ff8db156122)
0x00007ff8db156102:   1f 44 00 00 48 8d 95 e0 00 00 00 49 8b ce 44 8b
0x00007ff8db156112:   c0 e8 a8 a4 07 00 48 8b 8b 48 02 00 00 45 33 d2
0x00007ff8db156122:   44 39 51 18 0f 85 5d 6d 0a 00 eb 49 48 8d 85 e0
0x00007ff8db156132:   00 00 00 4c 89 54 24 28 44 8b c2 48 89 44 24 20 


Register to memory mapping:

RAX=0x0000000000f0f0f0 is an unknown value
RBX=0x0000019aa380fb20 is an unknown value
RCX=0x0000000000000000 is an unknown value
RDX=0x00000078939ec360 is pointing into the stack for thread: 0x0000019afc8d0800
RSP=0x00000078939ec3c0 is pointing into the stack for thread: 0x0000019afc8d0800
RBP=0x00000078939ec4c0 is pointing into the stack for thread: 0x0000019afc8d0800
RSI=0x0000000000000005 is an unknown value
RDI=0x0000019aa2c8b6f0 is an unknown value
R8 =0x0000000000002a5a is an unknown value
R9 =0x00000000000000ea is an unknown value
R10=0x0000000000000000 is an unknown value
R11=0x0000000000000e1e is an unknown value
R12=0x000000000000004f is an unknown value
R13=0x0000000000000000 is an unknown value
R14=0xffffffffea010e1e is an unknown value
R15=0x0000000000000002 is an unknown value


Stack: [0x0000007893900000,0x0000007893a00000],  sp=0x00000078939ec3c0,  free space=944k
Native frames: (J=compiled Java code, j=interpreted, Vv=VM code, C=native code)
C  [COMCTL32.dll+0x16122]
C  [COMCTL32.dll+0x18411]
C  [COMCTL32.dll+0x1af19]
C  [COMCTL32.dll+0x17767]
C  [USER32.dll+0xe858]
C  [USER32.dll+0xe4ee]
C  [swt-win32-4332.dll+0x1c43c]
C  0x0000019a8026c0f3

Java frames: (J=compiled Java code, j=interpreted, Vv=VM code)
J 564  org.eclipse.swt.internal.win32.OS.CallWindowProcW(JJIJJ)J (0 bytes) @ 0x0000019a8026c056 [0x0000019a8026c000+0x56]
J 1090 C2 org.eclipse.swt.widgets.Tree.callWindowProc(JIJJ)J (975 bytes) @ 0x0000019a8040a7f0 [0x0000019a8040a3e0+0x410]
J 1277 C2 org.eclipse.swt.widgets.Control.windowProc(JIJJ)J (1973 bytes) @ 0x0000019a804c4568 [0x0000019a804c4120+0x448]
J 1087 C2 org.eclipse.swt.widgets.Tree.windowProc(JIJJ)J (1754 bytes) @ 0x0000019a80406bcc [0x0000019a80406b20+0xac]
J 760 C2 org.eclipse.swt.widgets.Display.windowProc(JJJJ)J (375 bytes) @ 0x0000019a802fa534 [0x0000019a802fa3c0+0x174]
v  ~StubRoutines::call_stub
J 564  org.eclipse.swt.internal.win32.OS.CallWindowProcW(JJIJJ)J (0 bytes) @ 0x0000019a8026c056 [0x0000019a8026c000+0x56]
J 1090 C2 org.eclipse.swt.widgets.Tree.callWindowProc(JIJJ)J (975 bytes) @ 0x0000019a8040a7f0 [0x0000019a8040a3e0+0x410]
j  org.eclipse.swt.widgets.Widget.wmKillFocus(JJJ)Lorg/eclipse/swt/internal/win32/LRESULT;+23
j  org.eclipse.swt.widgets.Control.WM_KILLFOCUS(JJ)Lorg/eclipse/swt/internal/win32/LRESULT;+7
j  org.eclipse.swt.widgets.Tree.WM_KILLFOCUS(JJ)Lorg/eclipse/swt/internal/win32/LRESULT;+77
J 1277 C2 org.eclipse.swt.widgets.Control.windowProc(JIJJ)J (1973 bytes) @ 0x0000019a804c4b80 [0x0000019a804c4120+0xa60]
J 1087 C2 org.eclipse.swt.widgets.Tree.windowProc(JIJJ)J (1754 bytes) @ 0x0000019a80406bcc [0x0000019a80406b20+0xac]
J 760 C2 org.eclipse.swt.widgets.Display.windowProc(JJJJ)J (375 bytes) @ 0x0000019a802fa51c [0x0000019a802fa3c0+0x15c]
v  ~StubRoutines::call_stub
j  org.eclipse.swt.internal.win32.OS.SetFocus(J)J+0
j  org.eclipse.swt.widgets.Control.forceFocus()Z+69
j  org.eclipse.swt.widgets.Control.setFocus()Z+17
j  org.eclipse.swt.widgets.Composite.setFocus()Z+65
j  org.eclipse.swt.widgets.Composite.setFocus()Z+50
j  org.eclipse.swt.widgets.Shell.open()V+111
j  com.github.moksh.generator.GUI.ErrorDialogBox.open(Ljava/lang/Exception;)Ljava/lang/Object;+17
J 1178 C1 com.github.moksh.generator.GUI.JsonPatchGUI$26.handleEvent(Lorg/eclipse/swt/widgets/Event;)V (337 bytes) @ 0x0000019a80450264 [0x0000019a8044d600+0x2c64]
J 1298 C2 org.eclipse.swt.widgets.EventTable.sendEvent(Lorg/eclipse/swt/widgets/Event;)V (253 bytes) @ 0x0000019a804d9d2c [0x0000019a804d9ca0+0x8c]
J 786 C1 org.eclipse.swt.widgets.Widget.sendEvent(ILorg/eclipse/swt/widgets/Event;Z)V (88 bytes) @ 0x0000019a80304eb4 [0x0000019a80304840+0x674]
J 1209 C1 org.eclipse.swt.widgets.Tree.CDDS_ITEMPREPAINT(Lorg/eclipse/swt/internal/win32/NMTVCUSTOMDRAW;JJ)Lorg/eclipse/swt/internal/win32/LRESULT; (3260 bytes) @ 0x0000019a8046912c [0x0000019a804662e0+0x2e4c]
J 1063 C1 org.eclipse.swt.widgets.Tree.wmNotifyChild(Lorg/eclipse/swt/internal/win32/NMHDR;JJ)Lorg/eclipse/swt/internal/win32/LRESULT; (2455 bytes) @ 0x0000019a803ef2dc [0x0000019a803e96c0+0x5c1c]
J 657 C1 org.eclipse.swt.widgets.Composite.wmNotify(Lorg/eclipse/swt/internal/win32/NMHDR;JJ)Lorg/eclipse/swt/internal/win32/LRESULT; (532 bytes) @ 0x0000019a802abae4 [0x0000019a802aa520+0x15c4]
J 655 C1 org.eclipse.swt.widgets.Control.WM_NOTIFY(JJ)Lorg/eclipse/swt/internal/win32/LRESULT; (27 bytes) @ 0x0000019a802a9ec4 [0x0000019a802a9ca0+0x224]
J 1277 C2 org.eclipse.swt.widgets.Control.windowProc(JIJJ)J (1973 bytes) @ 0x0000019a804c4908 [0x0000019a804c4120+0x7e8]
J 760 C2 org.eclipse.swt.widgets.Display.windowProc(JJJJ)J (375 bytes) @ 0x0000019a802fa51c [0x0000019a802fa3c0+0x15c]
v  ~StubRoutines::call_stub
J 564  org.eclipse.swt.internal.win32.OS.CallWindowProcW(JJIJJ)J (0 bytes) @ 0x0000019a8026c056 [0x0000019a8026c000+0x56]
J 1090 C2 org.eclipse.swt.widgets.Tree.callWindowProc(JIJJ)J (975 bytes) @ 0x0000019a8040a7f0 [0x0000019a8040a3e0+0x410]
J 1277 C2 org.eclipse.swt.widgets.Control.windowProc(JIJJ)J (1973 bytes) @ 0x0000019a804c4568 [0x0000019a804c4120+0x448]
J 1087 C2 org.eclipse.swt.widgets.Tree.windowProc(JIJJ)J (1754 bytes) @ 0x0000019a80406bcc [0x0000019a80406b20+0xac]
J 760 C2 org.eclipse.swt.widgets.Display.windowProc(JJJJ)J (375 bytes) @ 0x0000019a802fa51c [0x0000019a802fa3c0+0x15c]
v  ~StubRoutines::call_stub
J 772  org.eclipse.swt.internal.win32.OS.DispatchMessageW(Lorg/eclipse/swt/internal/win32/MSG;)J (0 bytes) @ 0x0000019a80300492 [0x0000019a80300440+0x52]
J 1413 C2 org.eclipse.swt.widgets.Display.readAndDispatch()Z (103 bytes) @ 0x0000019a8055bc78 [0x0000019a8055ba20+0x258]
j  com.github.moksh.generator.GUI.ErrorDialogBox.open(Ljava/lang/Exception;)Ljava/lang/Object;+46
J 1178 C1 com.github.moksh.generator.GUI.JsonPatchGUI$26.handleEvent(Lorg/eclipse/swt/widgets/Event;)V (337 bytes) @ 0x0000019a80450264 [0x0000019a8044d600+0x2c64]
J 1298 C2 org.eclipse.swt.widgets.EventTable.sendEvent(Lorg/eclipse/swt/widgets/Event;)V (253 bytes) @ 0x0000019a804d9d2c [0x0000019a804d9ca0+0x8c]
J 786 C1 org.eclipse.swt.widgets.Widget.sendEvent(ILorg/eclipse/swt/widgets/Event;Z)V (88 bytes) @ 0x0000019a80304eb4 [0x0000019a80304840+0x674]
J 1209 C1 org.eclipse.swt.widgets.Tree.CDDS_ITEMPREPAINT(Lorg/eclipse/swt/internal/win32/NMTVCUSTOMDRAW;JJ)Lorg/eclipse/swt/internal/win32/LRESULT; (3260 bytes) @ 0x0000019a8046912c [0x0000019a804662e0+0x2e4c]
J 1063 C1 org.eclipse.swt.widgets.Tree.wmNotifyChild(Lorg/eclipse/swt/internal/win32/NMHDR;JJ)Lorg/eclipse/swt/internal/win32/LRESULT; (2455 bytes) @ 0x0000019a803ef2dc [0x0000019a803e96c0+0x5c1c]
J 657 C1 org.eclipse.swt.widgets.Composite.wmNotify(Lorg/eclipse/swt/internal/win32/NMHDR;JJ)Lorg/eclipse/swt/internal/win32/LRESULT; (532 bytes) @ 0x0000019a802abae4 [0x0000019a802aa520+0x15c4]
J 655 C1 org.eclipse.swt.widgets.Control.WM_NOTIFY(JJ)Lorg/eclipse/swt/internal/win32/LRESULT; (27 bytes) @ 0x0000019a802a9ec4 [0x0000019a802a9ca0+0x224]
J 1277 C2 org.eclipse.swt.widgets.Control.windowProc(JIJJ)J (1973 bytes) @ 0x0000019a804c4908 [0x0000019a804c4120+0x7e8]
J 760 C2 org.eclipse.swt.widgets.Display.windowProc(JJJJ)J (375 bytes) @ 0x0000019a802fa51c [0x0000019a802fa3c0+0x15c]
v  ~StubRoutines::call_stub
J 564  org.eclipse.swt.internal.win32.OS.CallWindowProcW(JJIJJ)J (0 bytes) @ 0x0000019a8026c056 [0x0000019a8026c000+0x56]
J 1090 C2 org.eclipse.swt.widgets.Tree.callWindowProc(JIJJ)J (975 bytes) @ 0x0000019a8040a7f0 [0x0000019a8040a3e0+0x410]
J 1277 C2 org.eclipse.swt.widgets.Control.windowProc(JIJJ)J (1973 bytes) @ 0x0000019a804c4568 [0x0000019a804c4120+0x448]
J 1087 C2 org.eclipse.swt.widgets.Tree.windowProc(JIJJ)J (1754 bytes) @ 0x0000019a80406bcc [0x0000019a80406b20+0xac]
J 760 C2 org.eclipse.swt.widgets.Display.windowProc(JJJJ)J (375 bytes) @ 0x0000019a802fa51c [0x0000019a802fa3c0+0x15c]
v  ~StubRoutines::call_stub
J 772  org.eclipse.swt.internal.win32.OS.DispatchMessageW(Lorg/eclipse/swt/internal/win32/MSG;)J (0 bytes) @ 0x0000019a80300492 [0x0000019a80300440+0x52]
J 1413 C2 org.eclipse.swt.widgets.Display.readAndDispatch()Z (103 bytes) @ 0x0000019a8055bc78 [0x0000019a8055ba20+0x258]
j  com.github.moksh.generator.GUI.ErrorDialogBox.open(Ljava/lang/Exception;)Ljava/lang/Object;+46
J 1178 C1 com.github.moksh.generator.GUI.JsonPatchGUI$26.handleEvent(Lorg/eclipse/swt/widgets/Event;)V (337 bytes) @ 0x0000019a80450264 [0x0000019a8044d600+0x2c64]
J 1298 C2 org.eclipse.swt.widgets.EventTable.sendEvent(Lorg/eclipse/swt/widgets/Event;)V (253 bytes) @ 0x0000019a804d9d2c [0x0000019a804d9ca0+0x8c]
J 786 C1 org.eclipse.swt.widgets.Widget.sendEvent(ILorg/eclipse/swt/widgets/Event;Z)V (88 bytes) @ 0x0000019a80304eb4 [0x0000019a80304840+0x674]
J 1209 C1 org.eclipse.swt.widgets.Tree.CDDS_ITEMPREPAINT(Lorg/eclipse/swt/internal/win32/NMTVCUSTOMDRAW;JJ)Lorg/eclipse/swt/internal/win32/LRESULT; (3260 bytes) @ 0x0000019a8046912c [0x0000019a804662e0+0x2e4c]
J 1063 C1 org.eclipse.swt.widgets.Tree.wmNotifyChild(Lorg/eclipse/swt/internal/win32/NMHDR;JJ)Lorg/eclipse/swt/internal/win32/LRESULT; (2455 bytes) @ 0x0000019a803ef2dc [0x0000019a803e96c0+0x5c1c]
J 657 C1 org.eclipse.swt.widgets.Composite.wmNotify(Lorg/eclipse/swt/internal/win32/NMHDR;JJ)Lorg/eclipse/swt/internal/win32/LRESULT; (532 bytes) @ 0x0000019a802abae4 [0x0000019a802aa520+0x15c4]
J 655 C1 org.eclipse.swt.widgets.Control.WM_NOTIFY(JJ)Lorg/eclipse/swt/internal/win32/LRESULT; (27 bytes) @ 0x0000019a802a9ec4 [0x0000019a802a9ca0+0x224]
J 1277 C2 org.eclipse.swt.widgets.Control.windowProc(JIJJ)J (1973 bytes) @ 0x0000019a804c4908 [0x0000019a804c4120+0x7e8]
J 760 C2 org.eclipse.swt.widgets.Display.windowProc(JJJJ)J (375 bytes) @ 0x0000019a802fa51c [0x0000019a802fa3c0+0x15c]
v  ~StubRoutines::call_stub
J 564  org.eclipse.swt.internal.win32.OS.CallWindowProcW(JJIJJ)J (0 bytes) @ 0x0000019a8026c056 [0x0000019a8026c000+0x56]
J 1090 C2 org.eclipse.swt.widgets.Tree.callWindowProc(JIJJ)J (975 bytes) @ 0x0000019a8040a7f0 [0x0000019a8040a3e0+0x410]
J 1277 C2 org.eclipse.swt.widgets.Control.windowProc(JIJJ)J (1973 bytes) @ 0x0000019a804c4568 [0x0000019a804c4120+0x448]
J 1087 C2 org.eclipse.swt.widgets.Tree.windowProc(JIJJ)J (1754 bytes) @ 0x0000019a80406bcc [0x0000019a80406b20+0xac]
J 760 C2 org.eclipse.swt.widgets.Display.windowProc(JJJJ)J (375 bytes) @ 0x0000019a802fa534 [0x0000019a802fa3c0+0x174]
v  ~StubRoutines::call_stub
J 772  org.eclipse.swt.internal.win32.OS.DispatchMessageW(Lorg/eclipse/swt/internal/win32/MSG;)J (0 bytes) @ 0x0000019a80300492 [0x0000019a80300440+0x52]
J 754 C1 org.eclipse.swt.widgets.Display.readAndDispatch()Z (103 bytes) @ 0x0000019a802f4a64 [0x0000019a802f46c0+0x3a4]
j  com.github.moksh.generator.GUI.ErrorDialogBox.open(Ljava/lang/Exception;)Ljava/lang/Object;+46
J 1178 C1 com.github.moksh.generator.GUI.JsonPatchGUI$26.handleEvent(Lorg/eclipse/swt/widgets/Event;)V (337 bytes) @ 0x0000019a80450264 [0x0000019a8044d600+0x2c64]
J 1298 C2 org.eclipse.swt.widgets.EventTable.sendEvent(Lorg/eclipse/swt/widgets/Event;)V (253 bytes) @ 0x0000019a804d9d2c [0x0000019a804d9ca0+0x8c]
J 786 C1 org.eclipse.swt.widgets.Widget.sendEvent(ILorg/eclipse/swt/widgets/Event;Z)V (88 bytes) @ 0x0000019a80304eb4 [0x0000019a80304840+0x674]
J 1209 C1 org.eclipse.swt.widgets.Tree.CDDS_ITEMPREPAINT(Lorg/eclipse/swt/internal/win32/NMTVCUSTOMDRAW;JJ)Lorg/eclipse/swt/internal/win32/LRESULT; (3260 bytes) @ 0x0000019a8046912c [0x0000019a804662e0+0x2e4c]
J 1063 C1 org.eclipse.swt.widgets.Tree.wmNotifyChild(Lorg/eclipse/swt/internal/win32/NMHDR;JJ)Lorg/eclipse/swt/internal/win32/LRESULT; (2455 bytes) @ 0x0000019a803ef2dc [0x0000019a803e96c0+0x5c1c]
J 657 C1 org.eclipse.swt.widgets.Composite.wmNotify(Lorg/eclipse/swt/internal/win32/NMHDR;JJ)Lorg/eclipse/swt/internal/win32/LRESULT; (532 bytes) @ 0x0000019a802abae4 [0x0000019a802aa520+0x15c4]
J 655 C1 org.eclipse.swt.widgets.Control.WM_NOTIFY(JJ)Lorg/eclipse/swt/internal/win32/LRESULT; (27 bytes) @ 0x0000019a802a9ec4 [0x0000019a802a9ca0+0x224]
J 1277 C2 org.eclipse.swt.widgets.Control.windowProc(JIJJ)J (1973 bytes) @ 0x0000019a804c4908 [0x0000019a804c4120+0x7e8]
J 760 C2 org.eclipse.swt.widgets.Display.windowProc(JJJJ)J (375 bytes) @ 0x0000019a802fa51c [0x0000019a802fa3c0+0x15c]
v  ~StubRoutines::call_stub
J 564  org.eclipse.swt.internal.win32.OS.CallWindowProcW(JJIJJ)J (0 bytes) @ 0x0000019a8026c056 [0x0000019a8026c000+0x56]
J 1090 C2 org.eclipse.swt.widgets.Tree.callWindowProc(JIJJ)J (975 bytes) @ 0x0000019a8040a7f0 [0x0000019a8040a3e0+0x410]
J 1277 C2 org.eclipse.swt.widgets.Control.windowProc(JIJJ)J (1973 bytes) @ 0x0000019a804c4568 [0x0000019a804c4120+0x448]
J 1087 C2 org.eclipse.swt.widgets.Tree.windowProc(JIJJ)J (1754 bytes) @ 0x0000019a80406bcc [0x0000019a80406b20+0xac]
J 760 C2 org.eclipse.swt.widgets.Display.windowProc(JJJJ)J (375 bytes) @ 0x0000019a802fa534 [0x0000019a802fa3c0+0x174]
v  ~StubRoutines::call_stub
J 564  org.eclipse.swt.internal.win32.OS.CallWindowProcW(JJIJJ)J (0 bytes) @ 0x0000019a8026c056 [0x0000019a8026c000+0x56]
J 1090 C2 org.eclipse.swt.widgets.Tree.callWindowProc(JIJJ)J (975 bytes) @ 0x0000019a8040a7f0 [0x0000019a8040a3e0+0x410]
j  org.eclipse.swt.widgets.Widget.wmKillFocus(JJJ)Lorg/eclipse/swt/internal/win32/LRESULT;+23
j  org.eclipse.swt.widgets.Control.WM_KILLFOCUS(JJ)Lorg/eclipse/swt/internal/win32/LRESULT;+7
j  org.eclipse.swt.widgets.Tree.WM_KILLFOCUS(JJ)Lorg/eclipse/swt/internal/win32/LRESULT;+77
J 1277 C2 org.eclipse.swt.widgets.Control.windowProc(JIJJ)J (1973 bytes) @ 0x0000019a804c4b80 [0x0000019a804c4120+0xa60]
J 1087 C2 org.eclipse.swt.widgets.Tree.windowProc(JIJJ)J (1754 bytes) @ 0x0000019a80406bcc [0x0000019a80406b20+0xac]
J 760 C2 org.eclipse.swt.widgets.Display.windowProc(JJJJ)J (375 bytes) @ 0x0000019a802fa51c [0x0000019a802fa3c0+0x15c]
v  ~StubRoutines::call_stub
j  org.eclipse.swt.internal.win32.OS.BringWindowToTop(J)Z+0
j  org.eclipse.swt.widgets.Decorations.bringToTop()V+4
j  org.eclipse.swt.widgets.Shell.open()V+22
j  com.github.moksh.generator.GUI.ErrorDialogBox.open(Ljava/lang/Exception;)Ljava/lang/Object;+17
J 1178 C1 com.github.moksh.generator.GUI.JsonPatchGUI$26.handleEvent(Lorg/eclipse/swt/widgets/Event;)V (337 bytes) @ 0x0000019a80450264 [0x0000019a8044d600+0x2c64]
J 1298 C2 org.eclipse.swt.widgets.EventTable.sendEvent(Lorg/eclipse/swt/widgets/Event;)V (253 bytes) @ 0x0000019a804d9d2c [0x0000019a804d9ca0+0x8c]
J 786 C1 org.eclipse.swt.widgets.Widget.sendEvent(ILorg/eclipse/swt/widgets/Event;Z)V (88 bytes) @ 0x0000019a80304eb4 [0x0000019a80304840+0x674]
J 1209 C1 org.eclipse.swt.widgets.Tree.CDDS_ITEMPREPAINT(Lorg/eclipse/swt/internal/win32/NMTVCUSTOMDRAW;JJ)Lorg/eclipse/swt/internal/win32/LRESULT; (3260 bytes) @ 0x0000019a8046912c [0x0000019a804662e0+0x2e4c]
J 1063 C1 org.eclipse.swt.widgets.Tree.wmNotifyChild(Lorg/eclipse/swt/internal/win32/NMHDR;JJ)Lorg/eclipse/swt/internal/win32/LRESULT; (2455 bytes) @ 0x0000019a803ef2dc [0x0000019a803e96c0+0x5c1c]
J 657 C1 org.eclipse.swt.widgets.Composite.wmNotify(Lorg/eclipse/swt/internal/win32/NMHDR;JJ)Lorg/eclipse/swt/internal/win32/LRESULT; (532 bytes) @ 0x0000019a802abae4 [0x0000019a802aa520+0x15c4]
J 655 C1 org.eclipse.swt.widgets.Control.WM_NOTIFY(JJ)Lorg/eclipse/swt/internal/win32/LRESULT; (27 bytes) @ 0x0000019a802a9ec4 [0x0000019a802a9ca0+0x224]
J 1277 C2 org.eclipse.swt.widgets.Control.windowProc(JIJJ)J (1973 bytes) @ 0x0000019a804c4908 [0x0000019a804c4120+0x7e8]
J 760 C2 org.eclipse.swt.widgets.Display.windowProc(JJJJ)J (375 bytes) @ 0x0000019a802fa51c [0x0000019a802fa3c0+0x15c]
v  ~StubRoutines::call_stub
J 564  org.eclipse.swt.internal.win32.OS.CallWindowProcW(JJIJJ)J (0 bytes) @ 0x0000019a8026c056 [0x0000019a8026c000+0x56]
J 1090 C2 org.eclipse.swt.widgets.Tree.callWindowProc(JIJJ)J (975 bytes) @ 0x0000019a8040a7f0 [0x0000019a8040a3e0+0x410]
J 1277 C2 org.eclipse.swt.widgets.Control.windowProc(JIJJ)J (1973 bytes) @ 0x0000019a804c4568 [0x0000019a804c4120+0x448]
J 1087 C2 org.eclipse.swt.widgets.Tree.windowProc(JIJJ)J (1754 bytes) @ 0x0000019a80406bcc [0x0000019a80406b20+0xac]
J 760 C2 org.eclipse.swt.widgets.Display.windowProc(JJJJ)J (375 bytes) @ 0x0000019a802fa534 [0x0000019a802fa3c0+0x174]
v  ~StubRoutines::call_stub
J 772  org.eclipse.swt.internal.win32.OS.DispatchMessageW(Lorg/eclipse/swt/internal/win32/MSG;)J (0 bytes) @ 0x0000019a80300492 [0x0000019a80300440+0x52]
J 754 C1 org.eclipse.swt.widgets.Display.readAndDispatch()Z (103 bytes) @ 0x0000019a802f4a64 [0x0000019a802f46c0+0x3a4]
j  com.github.moksh.generator.GUI.JSchemaGeneratorGUI.main([Ljava/lang/String;)V+78
v  ~StubRoutines::call_stub

---------------  P R O C E S S  ---------------

Java Threads: ( => current thread )
  0x0000019aa3560000 JavaThread "Swing-Shell" daemon [_thread_blocked, id=248, stack(0x0000007895600000,0x0000007895700000)]
  0x0000019aa34e0800 JavaThread "AWT-Windows" daemon [_thread_in_native, id=3256, stack(0x0000007895300000,0x0000007895400000)]
  0x0000019aa34df800 JavaThread "Java2D Disposer" daemon [_thread_blocked, id=18704, stack(0x0000007895100000,0x0000007895200000)]
  0x0000019aa28d8800 JavaThread "Service Thread" daemon [_thread_blocked, id=20000, stack(0x0000007894b00000,0x0000007894c00000)]
  0x0000019aa1523000 JavaThread "C1 CompilerThread3" daemon [_thread_blocked, id=18992, stack(0x0000007894a00000,0x0000007894b00000)]
  0x0000019aa1512000 JavaThread "C2 CompilerThread2" daemon [_thread_blocked, id=20328, stack(0x0000007894900000,0x0000007894a00000)]
  0x0000019aa150f800 JavaThread "C2 CompilerThread1" daemon [_thread_blocked, id=14188, stack(0x0000007894800000,0x0000007894900000)]
  0x0000019aa150d800 JavaThread "C2 CompilerThread0" daemon [_thread_blocked, id=4700, stack(0x0000007894700000,0x0000007894800000)]
  0x0000019aa150c000 JavaThread "Attach Listener" daemon [_thread_blocked, id=7756, stack(0x0000007894600000,0x0000007894700000)]
  0x0000019aa150a000 JavaThread "Signal Dispatcher" daemon [_thread_blocked, id=280, stack(0x0000007894500000,0x0000007894600000)]
  0x0000019aa14f0800 JavaThread "Finalizer" daemon [_thread_blocked, id=6292, stack(0x0000007894400000,0x0000007894500000)]
  0x0000019aa14c8800 JavaThread "Reference Handler" daemon [_thread_blocked, id=5840, stack(0x0000007894300000,0x0000007894400000)]
=>0x0000019afc8d0800 JavaThread "main" [_thread_in_native, id=1704, stack(0x0000007893900000,0x0000007893a00000)]

Other Threads:
  0x0000019aa14c3000 VMThread [stack: 0x0000007894200000,0x0000007894300000] [id=18048]
  0x0000019aa159e800 WatcherThread [stack: 0x0000007894c00000,0x0000007894d00000] [id=1752]

VM state:not at safepoint (normal execution)

VM Mutex/Monitor currently owned by a thread: None

heap address: 0x00000005c1400000, size: 8172 MB, Compressed Oops mode: Zero based, Oop shift amount: 3
Narrow klass base: 0x0000000000000000, Narrow klass shift: 3
Compressed class space size: 1073741824 Address: 0x00000007c0000000

Heap:
 PSYoungGen      total 153088K, used 69151K [0x0000000715c00000, 0x0000000720680000, 0x00000007c0000000)
  eden space 131584K, 45% used [0x0000000715c00000,0x00000007196b0148,0x000000071dc80000)
  from space 21504K, 42% used [0x000000071dc80000,0x000000071e557c20,0x000000071f180000)
  to   space 21504K, 0% used [0x000000071f180000,0x000000071f180000,0x0000000720680000)
 ParOldGen       total 349696K, used 160K [0x00000005c1400000, 0x00000005d6980000, 0x0000000715c00000)
  object space 349696K, 0% used [0x00000005c1400000,0x00000005c1428088,0x00000005d6980000)
 Metaspace       used 19774K, capacity 19946K, committed 20224K, reserved 1067008K
  class space    used 2431K, capacity 2509K, committed 2560K, reserved 1048576K

Card table byte_map: [0x0000019afe510000,0x0000019aff510000] byte_map_base: 0x0000019afb706000

Marking Bits: (ParMarkBitMap*) 0x000000005a944fb0
 Begin Bits: [0x0000019a8f000000, 0x0000019a96fb0000)
 End Bits:   [0x0000019a96fb0000, 0x0000019a9ef60000)

Polling page: 0x0000019afc880000

CodeCache: size=245760Kb used=5657Kb max_used=5663Kb free=240102Kb
 bounds [0x0000019a80000000, 0x0000019a80590000, 0x0000019a8f000000]
 total_blobs=2230 nmethods=1501 adapters=639
 compilation: enabled

Compilation events (10 events):
Event: 217.159 Thread 0x0000019aa1523000 nmethod 1512 0x0000019a80584e90 code [0x0000019a80584fe0, 0x0000019a805851f8]
Event: 217.163 Thread 0x0000019aa150f800 nmethod 1511 0x0000019a8058b450 code [0x0000019a8058b5e0, 0x0000019a8058bad8]
Event: 217.166 Thread 0x0000019aa1523000 1514       3       org.eclipse.swt.widgets.Scrollable::windowProc (8 bytes)
Event: 217.166 Thread 0x0000019aa1523000 nmethod 1514 0x0000019a80583f50 code [0x0000019a805840a0, 0x0000019a80584218]
Event: 217.170 Thread 0x0000019aa1523000 1515       3       org.eclipse.swt.internal.ole.win32.COMObject::callback0 (56 bytes)
Event: 217.170 Thread 0x0000019aa1523000 nmethod 1515 0x0000019a8058a990 code [0x0000019a8058ab40, 0x0000019a8058b1b0]
Event: 217.173 Thread 0x0000019aa1523000 1516       3       org.eclipse.swt.internal.ole.win32.COMObject::getAddress (5 bytes)
Event: 217.173 Thread 0x0000019aa1523000 nmethod 1516 0x0000019a8058a650 code [0x0000019a8058a7a0, 0x0000019a8058a8f8]
Event: 217.188 Thread 0x0000019aa1523000 1517       1       org.eclipse.swt.internal.LONG::hashCode (14 bytes)
Event: 217.189 Thread 0x0000019aa1523000 nmethod 1517 0x0000019a8058a350 code [0x0000019a8058a4a0, 0x0000019a8058a5d8]

GC Heap History (2 events):
Event: 205.238 GC heap before
{Heap before GC invocations=1 (full 0):
 PSYoungGen      total 153088K, used 131584K [0x0000000715c00000, 0x0000000720680000, 0x00000007c0000000)
  eden space 131584K, 100% used [0x0000000715c00000,0x000000071dc80000,0x000000071dc80000)
  from space 21504K, 0% used [0x000000071f180000,0x000000071f180000,0x0000000720680000)
  to   space 21504K, 0% used [0x000000071dc80000,0x000000071dc80000,0x000000071f180000)
 ParOldGen       total 349696K, used 0K [0x00000005c1400000, 0x00000005d6980000, 0x0000000715c00000)
  object space 349696K, 0% used [0x00000005c1400000,0x00000005c1400000,0x00000005d6980000)
 Metaspace       used 19749K, capacity 19946K, committed 20224K, reserved 1067008K
  class space    used 2430K, capacity 2509K, committed 2560K, reserved 1048576K
Event: 205.255 GC heap after
Heap after GC invocations=1 (full 0):
 PSYoungGen      total 153088K, used 9055K [0x0000000715c00000, 0x0000000720680000, 0x00000007c0000000)
  eden space 131584K, 0% used [0x0000000715c00000,0x0000000715c00000,0x000000071dc80000)
  from space 21504K, 42% used [0x000000071dc80000,0x000000071e557c20,0x000000071f180000)
  to   space 21504K, 0% used [0x000000071f180000,0x000000071f180000,0x0000000720680000)
 ParOldGen       total 349696K, used 160K [0x00000005c1400000, 0x00000005d6980000, 0x0000000715c00000)
  object space 349696K, 0% used [0x00000005c1400000,0x00000005c1428088,0x00000005d6980000)
 Metaspace       used 19749K, capacity 19946K, committed 20224K, reserved 1067008K
  class space    used 2430K, capacity 2509K, committed 2560K, reserved 1048576K
}

Deoptimization events (10 events):
Event: 149.215 Thread 0x0000019afc8d0800 Uncommon trap: reason=unstable_if action=reinterpret pc=0x0000019a80251644 method=java.util.HashMap.getNode(ILjava/lang/Object;)Ljava/util/HashMap$Node; @ 62
Event: 150.954 Thread 0x0000019afc8d0800 Uncommon trap: reason=bimorphic action=maybe_recompile pc=0x0000019a8037b924 method=org.eclipse.swt.widgets.Control.windowProc(JIJJ)J @ 1218
Event: 151.714 Thread 0x0000019afc8d0800 Uncommon trap: reason=bimorphic action=maybe_recompile pc=0x0000019a8037b924 method=org.eclipse.swt.widgets.Control.windowProc(JIJJ)J @ 1218
Event: 171.233 Thread 0x0000019afc8d0800 Uncommon trap: reason=unstable_if action=reinterpret pc=0x0000019a802ef7a0 method=org.eclipse.swt.widgets.Widget.checkWidget()V @ 6
Event: 176.479 Thread 0x0000019afc8d0800 Uncommon trap: reason=bimorphic action=maybe_recompile pc=0x0000019a804110c4 method=org.eclipse.swt.widgets.Control.windowProc(JIJJ)J @ 867
Event: 177.717 Thread 0x0000019afc8d0800 Uncommon trap: reason=bimorphic action=maybe_recompile pc=0x0000019a804110c4 method=org.eclipse.swt.widgets.Control.windowProc(JIJJ)J @ 867
Event: 217.166 Thread 0x0000019afc8d0800 Uncommon trap: reason=unstable_if action=reinterpret pc=0x0000019a8058b934 method=org.eclipse.swt.widgets.Widget.sendEvent(ILorg/eclipse/swt/widgets/Event;Z)V @ 53
Event: 217.173 Thread 0x0000019afc8d0800 Uncommon trap: reason=unstable_if action=reinterpret pc=0x0000019a8058b904 method=org.eclipse.swt.widgets.EventTable.sendEvent(Lorg/eclipse/swt/widgets/Event;)V @ 44
Event: 217.173 Thread 0x0000019afc8d0800 Uncommon trap: reason=unstable_if action=reinterpret pc=0x0000019a804d9e6c method=org.eclipse.swt.widgets.EventTable.sendEvent(Lorg/eclipse/swt/widgets/Event;)V @ 108
Event: 217.239 Thread 0x0000019afc8d0800 Uncommon trap: reason=unstable_if action=reinterpret pc=0x0000019a804d5fa8 method=org.eclipse.swt.widgets.Scrollable.callWindowProc(JIJJ)J @ 6

Classes redefined (0 events):
No events

Internal exceptions (10 events):
Event: 187.135 Thread 0x0000019afc8d0800 Implicit null exception at 0x0000019a80401c14 to 0x0000019a804032ea
Event: 187.135 Thread 0x0000019afc8d0800 Exception <a 'java/lang/NullPointerException'> (0x000000071a54c360) thrown at [C:\jenkins\workspace\8-2-build-windows-amd64-cygwin\jdk8u261\295\hotspot\src\share\vm\runtime\sharedRuntime.cpp, line 605]
Event: 187.135 Thread 0x0000019afc8d0800 Implicit null exception at 0x0000019a80401c14 to 0x0000019a804032ea
Event: 187.135 Thread 0x0000019afc8d0800 Exception <a 'java/lang/NullPointerException'> (0x000000071a54ceb0) thrown at [C:\jenkins\workspace\8-2-build-windows-amd64-cygwin\jdk8u261\295\hotspot\src\share\vm\runtime\sharedRuntime.cpp, line 605]
Event: 187.135 Thread 0x0000019afc8d0800 Implicit null exception at 0x0000019a80401c14 to 0x0000019a804032ea
Event: 187.135 Thread 0x0000019afc8d0800 Exception <a 'java/lang/NullPointerException'> (0x000000071a54dab8) thrown at [C:\jenkins\workspace\8-2-build-windows-amd64-cygwin\jdk8u261\295\hotspot\src\share\vm\runtime\sharedRuntime.cpp, line 605]
Event: 187.135 Thread 0x0000019afc8d0800 Implicit null exception at 0x0000019a80401c14 to 0x0000019a804032ea
Event: 187.135 Thread 0x0000019afc8d0800 Exception <a 'java/lang/NullPointerException'> (0x000000071a54e680) thrown at [C:\jenkins\workspace\8-2-build-windows-amd64-cygwin\jdk8u261\295\hotspot\src\share\vm\runtime\sharedRuntime.cpp, line 605]
Event: 187.135 Thread 0x0000019afc8d0800 Implicit null exception at 0x0000019a80401c14 to 0x0000019a804032ea
Event: 187.135 Thread 0x0000019afc8d0800 Exception <a 'java/lang/NullPointerException'> (0x000000071a54f288) thrown at [C:\jenkins\workspace\8-2-build-windows-amd64-cygwin\jdk8u261\295\hotspot\src\share\vm\runtime\sharedRuntime.cpp, line 605]

Events (10 events):
Event: 217.166 Thread 0x0000019afc8d0800 DEOPT UNPACKING pc=0x0000019a80045843 sp=0x00000078939e7c38 mode 2
Event: 217.173 Thread 0x0000019afc8d0800 Uncommon trap: trap_request=0xffffff65 fr.pc=0x0000019a8058b904
Event: 217.173 Thread 0x0000019afc8d0800 DEOPT PACKING pc=0x0000019a8058b904 sp=0x00000078939e7e20
Event: 217.173 Thread 0x0000019afc8d0800 DEOPT UNPACKING pc=0x0000019a80045843 sp=0x00000078939e7cb8 mode 2
Event: 217.173 Thread 0x0000019afc8d0800 Uncommon trap: trap_request=0xffffff65 fr.pc=0x0000019a804d9e6c
Event: 217.173 Thread 0x0000019afc8d0800 DEOPT PACKING pc=0x0000019a804d9e6c sp=0x00000078939e7c10
Event: 217.173 Thread 0x0000019afc8d0800 DEOPT UNPACKING pc=0x0000019a80045843 sp=0x00000078939e7b90 mode 2
Event: 217.239 Thread 0x0000019afc8d0800 Uncommon trap: trap_request=0xffffff65 fr.pc=0x0000019a804d5fa8
Event: 217.239 Thread 0x0000019afc8d0800 DEOPT PACKING pc=0x0000019a804d5fa8 sp=0x00000078939eb890
Event: 217.239 Thread 0x0000019afc8d0800 DEOPT UNPACKING pc=0x0000019a80045843 sp=0x00000078939eb808 mode 2


Dynamic libraries:
0x00007ff72ed30000 - 0x00007ff72ed77000 	C:\Program Files (x86)\Common Files\Oracle\Java\javapath\java.exe
0x00007ff904c30000 - 0x00007ff904e26000 	C:\WINDOWS\SYSTEM32\ntdll.dll
0x00007ff903f30000 - 0x00007ff903fed000 	C:\WINDOWS\System32\KERNEL32.DLL
0x00007ff902560000 - 0x00007ff902829000 	C:\WINDOWS\System32\KERNELBASE.dll
0x00007ff9049a0000 - 0x00007ff904a4c000 	C:\WINDOWS\System32\ADVAPI32.dll
0x00007ff903560000 - 0x00007ff9035fe000 	C:\WINDOWS\System32\msvcrt.dll
0x00007ff904030000 - 0x00007ff9040cc000 	C:\WINDOWS\System32\sechost.dll
0x00007ff903430000 - 0x00007ff90355b000 	C:\WINDOWS\System32\RPCRT4.dll
0x00007ff903290000 - 0x00007ff903430000 	C:\WINDOWS\System32\USER32.dll
0x00007ff902830000 - 0x00007ff902852000 	C:\WINDOWS\System32\win32u.dll
0x00007ff903ff0000 - 0x00007ff90401a000 	C:\WINDOWS\System32\GDI32.dll
0x00007ff9023f0000 - 0x00007ff9024fb000 	C:\WINDOWS\System32\gdi32full.dll
0x00007ff902960000 - 0x00007ff9029fd000 	C:\WINDOWS\System32\msvcp_win.dll
0x00007ff902860000 - 0x00007ff902960000 	C:\WINDOWS\System32\ucrtbase.dll
0x00007ff8db140000 - 0x00007ff8db3db000 	C:\WINDOWS\WinSxS\amd64_microsoft.windows.common-controls_6595b64144ccf1df_6.0.19041.746_none_ca02b4b61b8320a4\COMCTL32.dll
0x00007ff903050000 - 0x00007ff903080000 	C:\WINDOWS\System32\IMM32.DLL
0x00007ff8dd8b0000 - 0x00007ff8dd8c5000 	C:\Program Files\Java\jre1.8.0_261\bin\vcruntime140.dll
0x00007ff8be9d0000 - 0x00007ff8bea6b000 	C:\Program Files\Java\jre1.8.0_261\bin\msvcp140.dll
0x000000005a150000 - 0x000000005a9bc000 	C:\Program Files\Java\jre1.8.0_261\bin\server\jvm.dll
0x00007ff903e40000 - 0x00007ff903e48000 	C:\WINDOWS\System32\PSAPI.DLL
0x00007ff8fded0000 - 0x00007ff8fded9000 	C:\WINDOWS\SYSTEM32\WSOCK32.dll
0x00007ff8f8c90000 - 0x00007ff8f8cb7000 	C:\WINDOWS\SYSTEM32\WINMM.dll
0x00007ff8fb300000 - 0x00007ff8fb30a000 	C:\WINDOWS\SYSTEM32\VERSION.dll
0x00007ff903cd0000 - 0x00007ff903d3b000 	C:\WINDOWS\System32\WS2_32.dll
0x00007ff900290000 - 0x00007ff9002a2000 	C:\WINDOWS\SYSTEM32\kernel.appcore.dll
0x00007ff8ed660000 - 0x00007ff8ed670000 	C:\Program Files\Java\jre1.8.0_261\bin\verify.dll
0x00007ff8d0140000 - 0x00007ff8d016b000 	C:\Program Files\Java\jre1.8.0_261\bin\java.dll
0x00007ff8dcd20000 - 0x00007ff8dcd38000 	C:\Program Files\Java\jre1.8.0_261\bin\zip.dll
0x00007ff9040d0000 - 0x00007ff904813000 	C:\WINDOWS\System32\SHELL32.dll
0x00007ff900490000 - 0x00007ff900c1f000 	C:\WINDOWS\SYSTEM32\windows.storage.dll
0x00007ff902c90000 - 0x00007ff902fe6000 	C:\WINDOWS\System32\combase.dll
0x00007ff901c30000 - 0x00007ff901c5c000 	C:\WINDOWS\SYSTEM32\Wldp.dll
0x00007ff904ae0000 - 0x00007ff904b8e000 	C:\WINDOWS\System32\SHCORE.dll
0x00007ff902ff0000 - 0x00007ff903045000 	C:\WINDOWS\System32\shlwapi.dll
0x00007ff9022a0000 - 0x00007ff9022c6000 	C:\WINDOWS\SYSTEM32\profapi.dll
0x0000000010000000 - 0x00000000100a8000 	C:\Users\Vineet\.swt\lib\win32\x86_64\swt-win32-4332.dll
0x00007ff903160000 - 0x00007ff90328a000 	C:\WINDOWS\System32\ole32.dll
0x00007ff903e60000 - 0x00007ff903f2d000 	C:\WINDOWS\System32\OLEAUT32.dll
0x00007ff903080000 - 0x00007ff90315b000 	C:\WINDOWS\System32\comdlg32.dll
0x00007ff902a00000 - 0x00007ff902b56000 	C:\WINDOWS\System32\CRYPT32.dll
0x00007ff8b8770000 - 0x00007ff8b8789000 	C:\WINDOWS\SYSTEM32\USP10.dll
0x00007ff8d73d0000 - 0x00007ff8d745e000 	C:\WINDOWS\SYSTEM32\WINSPOOL.DRV
0x00007ff8e7c50000 - 0x00007ff8e812a000 	C:\WINDOWS\SYSTEM32\WININET.dll
0x00007ff8ffdb0000 - 0x00007ff8ffe4e000 	C:\WINDOWS\system32\uxtheme.dll
0x00007ff904880000 - 0x00007ff904996000 	C:\WINDOWS\System32\MSCTF.dll
0x00007ff902370000 - 0x00007ff9023f0000 	C:\WINDOWS\System32\bcryptPrimitives.dll
0x00007ff8fdf70000 - 0x00007ff8fe067000 	C:\WINDOWS\SYSTEM32\propsys.dll
0x00007ff903c20000 - 0x00007ff903cc9000 	C:\WINDOWS\System32\clbcatq.dll
0x00007ff8c7810000 - 0x00007ff8c798e000 	C:\Windows\System32\TaskFlowDataEngine.dll
0x00007ff8fe0f0000 - 0x00007ff8fe244000 	C:\WINDOWS\SYSTEM32\wintypes.dll
0x00007ff8cc550000 - 0x00007ff8cc9f2000 	C:\Windows\System32\cdp.dll
0x00007ff902c40000 - 0x00007ff902c8e000 	C:\WINDOWS\System32\cfgmgr32.dll
0x00007ff902100000 - 0x00007ff902112000 	C:\Windows\System32\UMPDC.dll
0x00007ff8fe250000 - 0x00007ff8fe38c000 	C:\Windows\System32\dsreg.dll
0x00007ff901470000 - 0x00007ff9014fa000 	C:\Windows\System32\msvcp110_win.dll
0x00007ff901c70000 - 0x00007ff901c88000 	C:\WINDOWS\SYSTEM32\cryptsp.dll
0x00007ff8ea070000 - 0x00007ff8ea0ed000 	C:\Windows\System32\OneCoreCommonProxyStub.dll
0x00007ff89ffe0000 - 0x00007ff8a0174000 	C:\Program Files\Java\jre1.8.0_261\bin\awt.dll
0x00007ff8ffc00000 - 0x00007ff8ffc90000 	C:\WINDOWS\SYSTEM32\apphelp.dll
0x00007ff9000b0000 - 0x00007ff9000df000 	C:\WINDOWS\system32\DWMAPI.DLL
0x00007ff8e1930000 - 0x00007ff8e19e0000 	C:\WINDOWS\WinSxS\amd64_microsoft.windows.common-controls_6595b64144ccf1df_5.82.19041.488_none_4238de57f6b64d28\comctl32.dll
0x00007ff8c9010000 - 0x00007ff8c9059000 	C:\Program Files\Java\jre1.8.0_261\bin\fontmanager.dll
0x00007ff8be3d0000 - 0x00007ff8be4f5000 	C:\WINDOWS\system32\opengl32.dll
0x00007ff8cba80000 - 0x00007ff8cbaac000 	C:\WINDOWS\SYSTEM32\GLU32.dll
0x00007ff8ca6b0000 - 0x00007ff8ca87f000 	C:\WINDOWS\system32\d3d9.dll
0x00007ff8f8d50000 - 0x00007ff8f8f2b000 	C:\WINDOWS\System32\DriverStore\FileRepository\c0337713.inf_amd64_14492f689cec6971\B337386\aticfx64.dll
0x00007ff8c7bd0000 - 0x00007ff8c7c01000 	C:\WINDOWS\System32\DriverStore\FileRepository\c0337713.inf_amd64_14492f689cec6971\B337386\atiu9p64.dll
0x00007ff888c40000 - 0x00007ff889986000 	C:\WINDOWS\System32\DriverStore\FileRepository\c0337713.inf_amd64_14492f689cec6971\B337386\atiumd64.dll
0x000000005a9c0000 - 0x000000005b6b6000 	C:\WINDOWS\System32\DriverStore\FileRepository\c0337713.inf_amd64_14492f689cec6971\B337386\atiumd6a.dll
0x00007ff902120000 - 0x00007ff90216b000 	C:\WINDOWS\SYSTEM32\POWRPROF.dll
0x00007ff8fa670000 - 0x00007ff8fa6ab000 	C:\WINDOWS\SYSTEM32\dxcore.dll
0x00007ff8dc910000 - 0x00007ff8dc92c000 	C:\Program Files\Java\jre1.8.0_261\bin\net.dll
0x00007ff901a20000 - 0x00007ff901a8a000 	C:\WINDOWS\system32\mswsock.dll
0x00007ff8dc470000 - 0x00007ff8dc483000 	C:\Program Files\Java\jre1.8.0_261\bin\nio.dll
0x00007ff8bfbf0000 - 0x00007ff8bfc33000 	C:\Program Files\Java\jre1.8.0_261\bin\t2k.dll
0x00007ff8e87a0000 - 0x00007ff8e87b7000 	C:\WINDOWS\system32\NetworkExplorer.dll
0x00007ff8f91e0000 - 0x00007ff8f91fd000 	C:\WINDOWS\SYSTEM32\MPR.dll
0x00007ff8ffb20000 - 0x00007ff8ffb3d000 	C:\WINDOWS\System32\p9np.dll
0x00007ff8fdf60000 - 0x00007ff8fdf6b000 	C:\WINDOWS\System32\drprov.dll
0x00007ff901d70000 - 0x00007ff901dca000 	C:\WINDOWS\System32\WINSTA.dll
0x00007ff8ed830000 - 0x00007ff8ed848000 	C:\WINDOWS\System32\ntlanman.dll
0x00007ff8ed810000 - 0x00007ff8ed82e000 	C:\WINDOWS\System32\davclnt.dll
0x00007ff8fdf10000 - 0x00007ff8fdf1d000 	C:\WINDOWS\System32\DAVHLPR.dll
0x00007ff901500000 - 0x00007ff901517000 	C:\WINDOWS\System32\wkscli.dll
0x00007ff8f4ef0000 - 0x00007ff8f4f02000 	C:\WINDOWS\SYSTEM32\cscapi.dll
0x00007ff901840000 - 0x00007ff90184c000 	C:\WINDOWS\System32\netutils.dll
0x00007ff8d09c0000 - 0x00007ff8d0a18000 	C:\Windows\System32\dlnashext.dll
0x00007ff8c9ce0000 - 0x00007ff8c9d44000 	C:\Windows\System32\PlayToDevice.dll
0x00007ff8e9df0000 - 0x00007ff8e9e10000 	C:\Windows\System32\DevDispItemProvider.dll
0x00007ff8fb320000 - 0x00007ff8fb3a5000 	C:\WINDOWS\System32\MMDevApi.dll
0x00007ff9020a0000 - 0x00007ff9020cc000 	C:\WINDOWS\System32\DEVOBJ.dll
0x00007ff8cdf90000 - 0x00007ff8cdfde000 	C:\WINDOWS\SYSTEM32\rdpendp.dll
0x00007ff8fe0d0000 - 0x00007ff8fe0e4000 	C:\WINDOWS\SYSTEM32\WTSAPI32.dll
0x00007ff8bf2e0000 - 0x00007ff8bf383000 	C:\WINDOWS\system32\wpdshext.dll
0x00007ff8e1a10000 - 0x00007ff8e1bb6000 	C:\WINDOWS\WinSxS\amd64_microsoft.windows.gdiplus_6595b64144ccf1df_1.1.19041.746_none_faeda79b76159a72\gdiplus.dll
0x00007ff8f95a0000 - 0x00007ff8f9d35000 	C:\Windows\System32\OneCoreUAPCommonProxyStub.dll
0x00007ff8fbb60000 - 0x00007ff8fbc03000 	C:\Windows\System32\PortableDeviceApi.dll
0x00007ff903600000 - 0x00007ff903a67000 	C:\WINDOWS\System32\SETUPAPI.dll
0x00007ff902c10000 - 0x00007ff902c37000 	C:\WINDOWS\System32\bcrypt.dll
0x00007ff902500000 - 0x00007ff902560000 	C:\WINDOWS\System32\WINTRUST.dll
0x00007ff901ee0000 - 0x00007ff901ef2000 	C:\WINDOWS\System32\MSASN1.dll
0x00007ff8f9360000 - 0x00007ff8f9392000 	C:\Windows\System32\PortableDeviceTypes.dll
0x00007ff8c76e0000 - 0x00007ff8c7717000 	C:\Windows\System32\EhStorShell.dll
0x00007ff8d18e0000 - 0x00007ff8d1906000 	C:\Windows\System32\EhStorAPI.dll
0x00007ff8cc020000 - 0x00007ff8cc02d000 	C:\WINDOWS\SYSTEM32\LINKINFO.dll
0x00007ff8f5840000 - 0x00007ff8f58ec000 	C:\WINDOWS\SYSTEM32\TextShaping.dll
0x00007ff8bd820000 - 0x00007ff8bdf73000 	C:\Windows\System32\ieframe.dll
0x00007ff8ebd20000 - 0x00007ff8ebfd0000 	C:\Windows\System32\iertutil.dll
0x00007ff902260000 - 0x00007ff90228e000 	C:\Windows\System32\USERENV.dll
0x00007ff8fad60000 - 0x00007ff8fae60000 	C:\Windows\System32\WINHTTP.dll
0x00007ff8f64e0000 - 0x00007ff8f64f8000 	C:\Windows\System32\NETAPI32.dll
0x00007ff903dc0000 - 0x00007ff903e39000 	C:\WINDOWS\System32\coml2.dll
0x00007ff8c9d50000 - 0x00007ff8c9d8e000 	C:\WINDOWS\system32\dataexchange.dll
0x00007ff8ff020000 - 0x00007ff8ff207000 	C:\WINDOWS\system32\dcomp.dll
0x00007ff8fe390000 - 0x00007ff8fe5f4000 	C:\WINDOWS\system32\d3d11.dll
0x00007ff900c80000 - 0x00007ff900d73000 	C:\WINDOWS\system32\dxgi.dll
0x00007ff8fbcd0000 - 0x00007ff8fbed1000 	C:\WINDOWS\system32\twinapi.appcore.dll
0x00007ff8f19c0000 - 0x00007ff8f1bad000 	C:\WINDOWS\SYSTEM32\urlmon.dll
0x00007ff902170000 - 0x00007ff902212000 	C:\WINDOWS\SYSTEM32\sxs.dll
0x00007ff8b4b80000 - 0x00007ff8b4bd4000 	C:\WINDOWS\SYSTEM32\msIso.dll
0x00007ff8b3500000 - 0x00007ff8b4b79000 	C:\Windows\System32\mshtml.dll
0x00007ff902220000 - 0x00007ff90225c000 	C:\Windows\System32\SspiCli.dll
0x00007ff8c4990000 - 0x00007ff8c49bc000 	C:\Windows\System32\srpapi.dll
0x00007ff8bf8f0000 - 0x00007ff8bf9d0000 	C:\Windows\System32\ieapfltr.dll
0x00007ff8ed2d0000 - 0x00007ff8ed3cb000 	C:\WINDOWS\SYSTEM32\textinputframework.dll
0x00007ff8ff590000 - 0x00007ff8ff8ee000 	C:\WINDOWS\System32\CoreUIComponents.dll
0x00007ff8ff8f0000 - 0x00007ff8ff9e2000 	C:\WINDOWS\System32\CoreMessaging.dll
0x00007ff901070000 - 0x00007ff9010a3000 	C:\WINDOWS\SYSTEM32\ntmarta.dll

VM Arguments:
java_command: com.github.moksh.generator.GUI.JSchemaGeneratorGUI
java_class_path (initial): Moksh.jar
Launcher Type: SUN_STANDARD

Environment Variables:
JAVA_HOME=C:\Program Files\AdoptOpenJDK\jdk-8.0.222.10-hotspot
PATH=C:\Python39\Scripts\;C:\Python39\;C:\Program Files\NVIDIA GPU Computing Toolkit\CUDA\v9.0\bin;C:\Program Files\NVIDIA GPU Computing Toolkit\CUDA\v9.0\libnvvp;C:\Program Files (x86)\Common Files\Intel\Shared Libraries\redist\intel64_win\compiler;C:\Program Files (x86)\Common Files\Oracle\Java\javapath;C:\Program Files\AdoptOpenJDK\jdk-8.0.222.10-hotspot\bin;C:\Windows\system32;C:\Windows;C:\Windows\System32\Wbem;C:\Windows\System32\WindowsPowerShell\v1.0\;C:\Windows\System32\OpenSSH\;C:\Program Files\Git\cmd;C:\Program Files\PuTTY\;C:\WINDOWS\system32;C:\WINDOWS;C:\WINDOWS\System32\Wbem;C:\WINDOWS\System32\WindowsPowerShell\v1.0\;C:\WINDOWS\System32\OpenSSH\;C:\Program Files\Git LFS;C:\Program Files\nodejs\;C:\ProgramData\chocolatey\bin;C:\Program Files\WSO2\API Manager\3.2.0\bin\..\bin;C:\Program Files (x86)\Google\Cloud SDK\google-cloud-sdk\bin;C:\Program Files\Docker\Docker\resources\bin;C:\ProgramData\DockerDesktop\version-bin;C:\Users\Vineet\AppData\Local\Programs\Python\Python37\Scripts\;C:\Users\Vineet\AppData\Local\Programs\Python\Python37\;C:\Users\Vineet\AppData\Local\Programs\Python\Python38-32\Scripts\;C:\Users\Vineet\AppData\Local\Programs\Python\Python38-32\;C:\Users\Vineet\AppData\Local\Microsoft\WindowsApps;C:\Users\Vineet\AppData\Local\Programs\Microsoft VS Code\bin;C:\Users\Vineet\AppData\Roaming\npm;C:\Users\Vineet\AppData\Local\GitHubDesktop\bin
USERNAME=Vineet
OS=Windows_NT
PROCESSOR_IDENTIFIER=Intel64 Family 6 Model 158 Stepping 9, GenuineIntel



---------------  S Y S T E M  ---------------

OS: Windows 10.0 , 64 bit Build 19041 (10.0.19041.662)

CPU:total 8 (initial active 8) (4 cores per cpu, 2 threads per core) family 6 model 158 stepping 9, cmov, cx8, fxsr, mmx, sse, sse2, sse3, ssse3, sse4.1, sse4.2, popcnt, avx, avx2, aes, clmul, erms, 3dnowpref, lzcnt, ht, tsc, tscinvbit, bmi1, bmi2, adx

Memory: 4k page, physical 33468268k(23111968k free), swap 38449004k(24993308k free)

vm_info: Java HotSpot(TM) 64-Bit Server VM (25.261-b12) for windows-amd64 JRE (1.8.0_261-b12), built on Jun 18 2020 06:56:32 by "" with unknown MS VC++:1916

time: Thu Jan 21 12:05:26 2021
timezone: Eastern Standard Time
elapsed time: 217 seconds (0d 0h 3m 37s)

